#
# There is insufficient memory for the Java Runtime Environment to continue.
# Native memory allocation (malloc) failed to allocate 1580976 bytes. Error detail: Chunk::new
# Possible reasons:
#   The system is out of physical RAM or swap space
#   This process is running with CompressedOops enabled, and the Java Heap may be blocking the growth of the native heap
# Possible solutions:
#   Reduce memory load on the system
#   Increase physical memory or swap space
#   Check if swap backing store is full
#   Decrease Java heap size (-Xmx/-Xms)
#   Decrease number of Java threads
#   Decrease Java thread stack sizes (-Xss)
#   Set larger code cache with -XX:ReservedCodeCacheSize=
#   JVM is running with Unscaled Compressed Oops mode in which the Java heap is
#     placed in the first 4GB address space. The Java Heap base address is the
#     maximum limit for the native heap growth. Please use -XX:HeapBaseMinAddress
#     to set the Java Heap base and to place the Java Heap above 4GB virtual address.
# This output file may be truncated or incomplete.
#
#  Out of Memory Error (arena.cpp:168), pid=4856, tid=14384
#
# JRE version: OpenJDK Runtime Environment Temurin-21.0.6+7 (21.0.6+7) (build 21.0.6+7-LTS)
# Java VM: OpenJDK 64-Bit Server VM Temurin-21.0.6+7 (21.0.6+7-LTS, mixed mode, sharing, tiered, compressed oops, compressed class ptrs, parallel gc, windows-amd64)
# No core dump will be written. Minidumps are not enabled by default on client versions of Windows
#

---------------  S U M M A R Y ------------

Command Line: --add-modules=ALL-SYSTEM --add-opens=java.base/java.util=ALL-UNNAMED --add-opens=java.base/java.lang=ALL-UNNAMED --add-opens=java.base/sun.nio.fs=ALL-UNNAMED -Declipse.application=org.eclipse.jdt.ls.core.id1 -Dosgi.bundles.defaultStartLevel=4 -Declipse.product=org.eclipse.jdt.ls.core.product -Djava.import.generatesMetadataFilesAtProjectRoot=false -DDetectVMInstallationsJob.disabled=true -Dfile.encoding=utf8 -XX:+UseParallelGC -XX:GCTimeRatio=4 -XX:AdaptiveSizePolicyWeight=90 -Dsun.zip.disableMemoryMapping=true -Xmx1G -Xms100m -Xlog:disable -javaagent:c:\Users\darri\.vscode\extensions\redhat.java-1.41.1-win32-x64\lombok\lombok-1.18.36.jar -XX:+HeapDumpOnOutOfMemoryError -XX:HeapDumpPath=c:\Users\darri\AppData\Roaming\Code\User\workspaceStorage\427d2dbc4ae0b3f7c0372c5275743a32\redhat.java -Daether.dependencyCollector.impl=bf c:\Users\darri\.vscode\extensions\redhat.java-1.41.1-win32-x64\server\plugins\org.eclipse.equinox.launcher_1.7.0.v20250331-1702.jar -configuration c:\Users\darri\AppData\Roaming\Code\User\globalStorage\redhat.java\1.41.1\config_win -data c:\Users\darri\AppData\Roaming\Code\User\workspaceStorage\427d2dbc4ae0b3f7c0372c5275743a32\redhat.java\jdt_ws --pipe=\\.\pipe\lsp-f0e51cc1bb9211cb96105e6b3fa81fc7-sock

Host: Intel(R) Core(TM) i5-6600T CPU @ 2.70GHz, 4 cores, 15G,  Windows 10 , 64 bit Build 19041 (10.0.19041.5678)
Time: Tue May 13 06:32:13 2025 Eastern Daylight Time elapsed time: 54.831614 seconds (0d 0h 0m 54s)

---------------  T H R E A D  ---------------

Current thread (0x0000021a5dd299d0):  JavaThread "C2 CompilerThread0" daemon [_thread_in_native, id=14384, stack(0x00000099d2a00000,0x00000099d2b00000) (1024K)]


Current CompileTask:
C2:54831 15389       4       java.lang.invoke.MethodType::dropParameterTypes (162 bytes)

Stack: [0x00000099d2a00000,0x00000099d2b00000]
Native frames: (J=compiled Java code, j=interpreted, Vv=VM code, C=native code)
V  [jvm.dll+0x6cdee9]
V  [jvm.dll+0x8a83d1]
V  [jvm.dll+0x8aa8fe]
V  [jvm.dll+0x8aafe3]
V  [jvm.dll+0x27f706]
V  [jvm.dll+0xc500d]
V  [jvm.dll+0xc5543]
V  [jvm.dll+0x3b6752]
V  [jvm.dll+0x382935]
V  [jvm.dll+0x381d9a]
V  [jvm.dll+0x2479f0]
V  [jvm.dll+0x246fcf]
V  [jvm.dll+0x1c75ee]
V  [jvm.dll+0x25685a]
V  [jvm.dll+0x254dfa]
V  [jvm.dll+0x3f0256]
V  [jvm.dll+0x851f8b]
V  [jvm.dll+0x6cc5ed]
C  [ucrtbase.dll+0x21bb2]
C  [KERNEL32.DLL+0x17374]
C  [ntdll.dll+0x4cc91]


---------------  P R O C E S S  ---------------

Threads class SMR info:
_java_thread_list=0x0000021a7024a310, length=50, elements={
0x0000021a477182d0, 0x0000021a5dd1dfe0, 0x0000021a5dd1f7e0, 0x0000021a5dd20940,
0x0000021a5dd21ff0, 0x0000021a5dd24030, 0x0000021a5dd26b90, 0x0000021a5dd299d0,
0x0000021a5dd9acf0, 0x0000021a5eae7f70, 0x0000021a5eda2440, 0x0000021a6380f530,
0x0000021a63665740, 0x0000021a634ee8c0, 0x0000021a634ef2f0, 0x0000021a639765b0,
0x0000021a63cc3d80, 0x0000021a63f00f00, 0x0000021a63f001e0, 0x0000021a63effb50,
0x0000021a63efda80, 0x0000021a63f00870, 0x0000021a63efe110, 0x0000021a63efe7a0,
0x0000021a63efee30, 0x0000021a63eff4c0, 0x0000021a63969a60, 0x0000021a6396a780,
0x0000021a6396c1c0, 0x0000021a6396a0f0, 0x0000021a639665e0, 0x0000021a639658c0,
0x0000021a6396b4a0, 0x0000021a63965230, 0x0000021a6396ae10, 0x0000021a6396c850,
0x0000021a63967300, 0x0000021a63968020, 0x0000021a63968d40, 0x0000021a65a7ff60,
0x0000021a65a819a0, 0x0000021a65a82030, 0x0000021a65a80c80, 0x0000021a65a82d50,
0x0000021a65a833e0, 0x0000021a711448d0, 0x0000021a71146310, 0x0000021a71147030,
0x0000021a70a94d80, 0x0000021a71142800
}

Java Threads: ( => current thread )
  0x0000021a477182d0 JavaThread "main"                              [_thread_blocked, id=3368, stack(0x00000099d2000000,0x00000099d2100000) (1024K)]
  0x0000021a5dd1dfe0 JavaThread "Reference Handler"          daemon [_thread_blocked, id=10820, stack(0x00000099d2400000,0x00000099d2500000) (1024K)]
  0x0000021a5dd1f7e0 JavaThread "Finalizer"                  daemon [_thread_blocked, id=18676, stack(0x00000099d2500000,0x00000099d2600000) (1024K)]
  0x0000021a5dd20940 JavaThread "Signal Dispatcher"          daemon [_thread_blocked, id=11680, stack(0x00000099d2600000,0x00000099d2700000) (1024K)]
  0x0000021a5dd21ff0 JavaThread "Attach Listener"            daemon [_thread_blocked, id=13240, stack(0x00000099d2700000,0x00000099d2800000) (1024K)]
  0x0000021a5dd24030 JavaThread "Service Thread"             daemon [_thread_blocked, id=12148, stack(0x00000099d2800000,0x00000099d2900000) (1024K)]
  0x0000021a5dd26b90 JavaThread "Monitor Deflation Thread"   daemon [_thread_blocked, id=13300, stack(0x00000099d2900000,0x00000099d2a00000) (1024K)]
=>0x0000021a5dd299d0 JavaThread "C2 CompilerThread0"         daemon [_thread_in_native, id=14384, stack(0x00000099d2a00000,0x00000099d2b00000) (1024K)]
  0x0000021a5dd9acf0 JavaThread "C1 CompilerThread0"         daemon [_thread_in_native, id=23756, stack(0x00000099d2b00000,0x00000099d2c00000) (1024K)]
  0x0000021a5eae7f70 JavaThread "Common-Cleaner"             daemon [_thread_blocked, id=5680, stack(0x00000099d2c00000,0x00000099d2d00000) (1024K)]
  0x0000021a5eda2440 JavaThread "Notification Thread"        daemon [_thread_blocked, id=7420, stack(0x00000099d2e00000,0x00000099d2f00000) (1024K)]
  0x0000021a6380f530 JavaThread "Active Thread: Equinox Container: 1bb733a0-4a2d-432b-8632-1c241430bad3"        [_thread_blocked, id=11364, stack(0x00000099d3200000,0x00000099d3300000) (1024K)]
  0x0000021a63665740 JavaThread "Refresh Thread: Equinox Container: 1bb733a0-4a2d-432b-8632-1c241430bad3" daemon [_thread_blocked, id=19904, stack(0x00000099d3300000,0x00000099d3400000) (1024K)]
  0x0000021a634ee8c0 JavaThread "Framework Event Dispatcher: Equinox Container: 1bb733a0-4a2d-432b-8632-1c241430bad3" daemon [_thread_blocked, id=19892, stack(0x00000099d3400000,0x00000099d3500000) (1024K)]
  0x0000021a634ef2f0 JavaThread "Start Level: Equinox Container: 1bb733a0-4a2d-432b-8632-1c241430bad3" daemon [_thread_blocked, id=21788, stack(0x00000099d3500000,0x00000099d3600000) (1024K)]
  0x0000021a639765b0 JavaThread "Bundle File Closer"         daemon [_thread_blocked, id=11716, stack(0x00000099d3600000,0x00000099d3700000) (1024K)]
  0x0000021a63cc3d80 JavaThread "SCR Component Actor"        daemon [_thread_blocked, id=14780, stack(0x00000099d3700000,0x00000099d3800000) (1024K)]
  0x0000021a63f00f00 JavaThread "Worker-JM"                         [_thread_blocked, id=11892, stack(0x00000099d3900000,0x00000099d3a00000) (1024K)]
  0x0000021a63f001e0 JavaThread "JNA Cleaner"                daemon [_thread_blocked, id=21272, stack(0x00000099d3a00000,0x00000099d3b00000) (1024K)]
  0x0000021a63effb50 JavaThread "Worker-0"                          [_thread_blocked, id=23440, stack(0x00000099d3b00000,0x00000099d3c00000) (1024K)]
  0x0000021a63efda80 JavaThread "Worker-1"                          [_thread_blocked, id=21852, stack(0x00000099d3c00000,0x00000099d3d00000) (1024K)]
  0x0000021a63f00870 JavaThread "Worker-2"                          [_thread_blocked, id=16500, stack(0x00000099d3d00000,0x00000099d3e00000) (1024K)]
  0x0000021a63efe110 JavaThread "Java indexing"              daemon [_thread_blocked, id=24616, stack(0x00000099d3e00000,0x00000099d3f00000) (1024K)]
  0x0000021a63efe7a0 JavaThread "Worker-3"                          [_thread_blocked, id=24736, stack(0x00000099d3f00000,0x00000099d4000000) (1024K)]
  0x0000021a63efee30 JavaThread "Worker-4"                          [_thread_blocked, id=24608, stack(0x00000099d4200000,0x00000099d4300000) (1024K)]
  0x0000021a63eff4c0 JavaThread "Worker-5"                          [_thread_blocked, id=25168, stack(0x00000099d4300000,0x00000099d4400000) (1024K)]
  0x0000021a63969a60 JavaThread "Worker-6"                          [_thread_blocked, id=24976, stack(0x00000099d4400000,0x00000099d4500000) (1024K)]
  0x0000021a6396a780 JavaThread "Thread-2"                   daemon [_thread_in_native, id=25220, stack(0x00000099d4500000,0x00000099d4600000) (1024K)]
  0x0000021a6396c1c0 JavaThread "Thread-3"                   daemon [_thread_in_native, id=25276, stack(0x00000099d4600000,0x00000099d4700000) (1024K)]
  0x0000021a6396a0f0 JavaThread "Thread-4"                   daemon [_thread_in_native, id=25304, stack(0x00000099d4700000,0x00000099d4800000) (1024K)]
  0x0000021a639665e0 JavaThread "Thread-5"                   daemon [_thread_in_native, id=24844, stack(0x00000099d4800000,0x00000099d4900000) (1024K)]
  0x0000021a639658c0 JavaThread "Thread-6"                   daemon [_thread_in_native, id=9136, stack(0x00000099d4900000,0x00000099d4a00000) (1024K)]
  0x0000021a6396b4a0 JavaThread "pool-2-thread-1"                   [_thread_blocked, id=6696, stack(0x00000099d4a00000,0x00000099d4b00000) (1024K)]
  0x0000021a63965230 JavaThread "Worker-7"                          [_thread_blocked, id=13928, stack(0x00000099d4b00000,0x00000099d4c00000) (1024K)]
  0x0000021a6396ae10 JavaThread "WorkspaceEventsHandler"            [_thread_blocked, id=14228, stack(0x00000099d4d00000,0x00000099d4e00000) (1024K)]
  0x0000021a6396c850 JavaThread "pool-1-thread-1"                   [_thread_blocked, id=23048, stack(0x00000099d4e00000,0x00000099d4f00000) (1024K)]
  0x0000021a63967300 JavaThread "LocalFile Deleter"          daemon [_thread_blocked, id=21160, stack(0x00000099d5000000,0x00000099d5100000) (1024K)]
  0x0000021a63968020 JavaThread "LocalFile Deleter"          daemon [_thread_blocked, id=20704, stack(0x00000099d5100000,0x00000099d5200000) (1024K)]
  0x0000021a63968d40 JavaThread "LocalFile Deleter"          daemon [_thread_blocked, id=16204, stack(0x00000099d5200000,0x00000099d5300000) (1024K)]
  0x0000021a65a7ff60 JavaThread "LocalFile Deleter"          daemon [_thread_blocked, id=16456, stack(0x00000099d5300000,0x00000099d5400000) (1024K)]
  0x0000021a65a819a0 JavaThread "Compiler Source File Reader" daemon [_thread_blocked, id=24956, stack(0x00000099d5400000,0x00000099d5500000) (1024K)]
  0x0000021a65a82030 JavaThread "Compiler Source File Reader" daemon [_thread_blocked, id=14656, stack(0x00000099d5500000,0x00000099d5600000) (1024K)]
  0x0000021a65a80c80 JavaThread "Compiler Processing Task"   daemon [_thread_blocked, id=6348, stack(0x00000099d2d00000,0x00000099d2e00000) (1024K)]
  0x0000021a65a82d50 JavaThread "Compiler Class File Writer" daemon [_thread_blocked, id=9896, stack(0x00000099d5600000,0x00000099d5700000) (1024K)]
  0x0000021a65a833e0 JavaThread "Compiler Class File Writer" daemon [_thread_blocked, id=19428, stack(0x00000099d5700000,0x00000099d5800000) (1024K)]
  0x0000021a711448d0 JavaThread "ForkJoinPool.commonPool-worker-1" daemon [_thread_in_native, id=21348, stack(0x00000099d4f00000,0x00000099d5000000) (1024K)]
  0x0000021a71146310 JavaThread "ForkJoinPool.commonPool-worker-2" daemon [_thread_blocked, id=18456, stack(0x00000099d5800000,0x00000099d5900000) (1024K)]
  0x0000021a71147030 JavaThread "ForkJoinPool.commonPool-worker-3" daemon [_thread_in_vm, id=14880, stack(0x00000099d5a00000,0x00000099d5b00000) (1024K)]
  0x0000021a70a94d80 JavaThread "C2 CompilerThread1"         daemon [_thread_in_native, id=20620, stack(0x00000099d3800000,0x00000099d3900000) (1024K)]
  0x0000021a71142800 JavaThread "Cleaner-0"                  daemon [_thread_blocked, id=20716, stack(0x00000099d5900000,0x00000099d5a00000) (1024K)]
Total: 50

Other Threads:
  0x0000021a476f7a00 VMThread "VM Thread"                           [id=16156, stack(0x00000099d2300000,0x00000099d2400000) (1024K)]
  0x0000021a49a5f750 WatcherThread "VM Periodic Task Thread"        [id=452, stack(0x00000099d2200000,0x00000099d2300000) (1024K)]
  0x0000021a476f8140 WorkerThread "GC Thread#0"                     [id=10952, stack(0x00000099d2100000,0x00000099d2200000) (1024K)]
  0x0000021a476f84e0 WorkerThread "GC Thread#1"                     [id=20056, stack(0x00000099d2f00000,0x00000099d3000000) (1024K)]
  0x0000021a476f8880 WorkerThread "GC Thread#2"                     [id=14728, stack(0x00000099d3000000,0x00000099d3100000) (1024K)]
  0x0000021a63138180 WorkerThread "GC Thread#3"                     [id=19720, stack(0x00000099d3100000,0x00000099d3200000) (1024K)]
Total: 6

Threads with active compile tasks:
C2 CompilerThread0  54897 15389       4       java.lang.invoke.MethodType::dropParameterTypes (162 bytes)
C1 CompilerThread0  54897 15535       3       org.eclipse.jdt.internal.corext.util.JavaModelUtil::isSameMethodSignature (100 bytes)
C2 CompilerThread1  54897 15530 %s    4       java.util.Hashtable::putAll @ 12 (52 bytes)
Total: 3

VM state: not at safepoint (normal execution)

VM Mutex/Monitor currently owned by a thread: None

Heap address: 0x00000000c0000000, size: 1024 MB, Compressed Oops mode: 32-bit

CDS archive(s) mapped at: [0x0000021a00000000-0x0000021a00ba0000-0x0000021a00ba0000), size 12189696, SharedBaseAddress: 0x0000021a00000000, ArchiveRelocationMode: 1.
Compressed class space mapped at: 0x0000021a01000000-0x0000021a41000000, reserved size: 1073741824
Narrow klass base: 0x0000021a00000000, Narrow klass shift: 0, Narrow klass range: 0x100000000

GC Precious Log:
 CardTable entry size: 512
 CPUs: 4 total, 4 available
 Memory: 16078M
 Large Page Support: Disabled
 NUMA Support: Disabled
 Compressed Oops: Enabled (32-bit)
 Alignments: Space 512K, Generation 512K, Heap 2M
 Heap Min Capacity: 100M
 Heap Initial Capacity: 100M
 Heap Max Capacity: 1G
 Pre-touch: Disabled
 Parallel Workers: 4

Heap:
 PSYoungGen      total 5632K, used 1826K [0x00000000eab00000, 0x00000000eb300000, 0x0000000100000000)
  eden space 4096K, 40% used [0x00000000eab00000,0x00000000eaca0838,0x00000000eaf00000)
  from space 1536K, 10% used [0x00000000eb000000,0x00000000eb028000,0x00000000eb180000)
  to   space 512K, 0% used [0x00000000eb280000,0x00000000eb280000,0x00000000eb300000)
 ParOldGen       total 465408K, used 464950K [0x00000000c0000000, 0x00000000dc680000, 0x00000000eab00000)
  object space 465408K, 99% used [0x00000000c0000000,0x00000000dc60d960,0x00000000dc680000)
 Metaspace       used 76057K, committed 77696K, reserved 1179648K
  class space    used 7627K, committed 8384K, reserved 1048576K

Card table byte_map: [0x0000021a493a0000,0x0000021a495b0000] _byte_map_base: 0x0000021a48da0000

Marking Bits: (ParMarkBitMap*) 0x00007ffaa27a3260
 Begin Bits: [0x0000021a5bbf0000, 0x0000021a5cbf0000)
 End Bits:   [0x0000021a5cbf0000, 0x0000021a5dbf0000)

Polling page: 0x0000021a47a50000

Metaspace:

Usage:
  Non-class:     66.83 MB used.
      Class:      7.45 MB used.
       Both:     74.28 MB used.

Virtual space:
  Non-class space:      128.00 MB reserved,      67.69 MB ( 53%) committed,  2 nodes.
      Class space:        1.00 GB reserved,       8.19 MB ( <1%) committed,  1 nodes.
             Both:        1.12 GB reserved,      75.88 MB (  7%) committed. 

Chunk freelists:
   Non-Class:  12.17 MB
       Class:  7.80 MB
        Both:  19.97 MB

MaxMetaspaceSize: unlimited
CompressedClassSpaceSize: 1.00 GB
Initial GC threshold: 21.00 MB
Current GC threshold: 122.62 MB
CDS: on
 - commit_granule_bytes: 65536.
 - commit_granule_words: 8192.
 - virtual_space_node_default_size: 8388608.
 - enlarge_chunks_in_place: 1.
 - use_allocation_guard: 0.


Internal statistics:

num_allocs_failed_limit: 9.
num_arena_births: 1444.
num_arena_deaths: 14.
num_vsnodes_births: 3.
num_vsnodes_deaths: 0.
num_space_committed: 1214.
num_space_uncommitted: 0.
num_chunks_returned_to_freelist: 23.
num_chunks_taken_from_freelist: 4964.
num_chunk_merges: 15.
num_chunk_splits: 3010.
num_chunks_enlarged: 1655.
num_inconsistent_stats: 0.

CodeHeap 'non-profiled nmethods': size=120000Kb used=13117Kb max_used=13117Kb free=106882Kb
 bounds [0x0000021a546c0000, 0x0000021a55390000, 0x0000021a5bbf0000]
CodeHeap 'profiled nmethods': size=120000Kb used=32351Kb max_used=33148Kb free=87649Kb
 bounds [0x0000021a4cbf0000, 0x0000021a4ec70000, 0x0000021a54120000]
CodeHeap 'non-nmethods': size=5760Kb used=1506Kb max_used=1658Kb free=4254Kb
 bounds [0x0000021a54120000, 0x0000021a54390000, 0x0000021a546c0000]
 total_blobs=14724 nmethods=13891 adapters=737
 compilation: enabled
              stopped_count=0, restarted_count=0
 full_count=0

Compilation events (20 events):
Event: 52.803 Thread 0x0000021a5dd299d0 15391       4       java.lang.invoke.DirectMethodHandle::shouldBeInitialized (117 bytes)
Event: 52.803 Thread 0x0000021a5dd9acf0 15518       3       org.eclipse.m2e.core.internal.preferences.MavenConfigurationImpl::isDownloadSources (7 bytes)
Event: 52.804 Thread 0x0000021a5dd9acf0 nmethod 15518 0x0000021a4cfd6f90 code [0x0000021a4cfd7160, 0x0000021a4cfd7478]
Event: 52.804 Thread 0x0000021a5dd9acf0 15519       3       org.eclipse.m2e.core.internal.preferences.MavenConfigurationImpl::isDownloadJavaDoc (7 bytes)
Event: 52.804 Thread 0x0000021a5dd9acf0 nmethod 15519 0x0000021a4d126c90 code [0x0000021a4d126e60, 0x0000021a4d127178]
Event: 52.805 Thread 0x0000021a5dd9acf0 15520   !   3       org.eclipse.sisu.inject.DefaultBeanLocator::locate (128 bytes)
Event: 52.806 Thread 0x0000021a5dd299d0 nmethod 15391 0x0000021a5537c310 code [0x0000021a5537c520, 0x0000021a5537c830]
Event: 52.806 Thread 0x0000021a5dd299d0 15389       4       java.lang.invoke.MethodType::dropParameterTypes (162 bytes)
Event: 52.806 Thread 0x0000021a5dd9acf0 nmethod 15520 0x0000021a4d3aad90 code [0x0000021a4d3ab060, 0x0000021a4d3abe80]
Event: 52.808 Thread 0x0000021a5dd9acf0 15521       3       org.eclipse.sisu.inject.LocatedBeans::<init> (36 bytes)
Event: 52.809 Thread 0x0000021a5dd9acf0 nmethod 15521 0x0000021a4d877b90 code [0x0000021a4d877d60, 0x0000021a4d877fc8]
Event: 52.976 Thread 0x0000021a70a94d80 nmethod 15424 0x0000021a5537cb90 code [0x0000021a5537d620, 0x0000021a55386110]
Event: 52.977 Thread 0x0000021a70a94d80 15504       4       org.eclipse.jdt.core.dom.ASTNode::setNodeType (20 bytes)
Event: 52.978 Thread 0x0000021a70a94d80 nmethod 15504 0x0000021a5538c890 code [0x0000021a5538ca20, 0x0000021a5538cac0]
Event: 52.978 Thread 0x0000021a70a94d80 15500  s    4       org.eclipse.jdt.core.dom.DefaultBindingResolver::store (13 bytes)
Event: 52.978 Thread 0x0000021a70a94d80 nmethod 15500 0x0000021a5538cb90 code [0x0000021a5538cd20, 0x0000021a5538cfe0]
Event: 52.979 Thread 0x0000021a70a94d80 15363       4       org.lombokweb.asm.SymbolTable::hash (15 bytes)
Event: 52.980 Thread 0x0000021a70a94d80 nmethod 15363 0x0000021a5538d090 code [0x0000021a5538d240, 0x0000021a5538d420]
Event: 53.025 Thread 0x0000021a70a94d80 15522       4       java.util.HashSet::size (8 bytes)
Event: 53.026 Thread 0x0000021a70a94d80 nmethod 15522 0x0000021a5538d610 code [0x0000021a5538d7a0, 0x0000021a5538d848]

GC Heap History (20 events):
Event: 52.070 GC heap before
{Heap before GC invocations=1773 (full 4):
 PSYoungGen      total 6144K, used 6001K [0x00000000eab00000, 0x00000000eb600000, 0x0000000100000000)
  eden space 4096K, 100% used [0x00000000eab00000,0x00000000eaf00000,0x00000000eaf00000)
  from space 2048K, 93% used [0x00000000eb400000,0x00000000eb5dc710,0x00000000eb600000)
  to   space 3072K, 0% used [0x00000000eb000000,0x00000000eb000000,0x00000000eb300000)
 ParOldGen       total 459264K, used 458778K [0x00000000c0000000, 0x00000000dc080000, 0x00000000eab00000)
  object space 459264K, 99% used [0x00000000c0000000,0x00000000dc006bf0,0x00000000dc080000)
 Metaspace       used 74746K, committed 76352K, reserved 1179648K
  class space    used 7531K, committed 8256K, reserved 1048576K
}
Event: 52.076 GC heap after
{Heap after GC invocations=1773 (full 4):
 PSYoungGen      total 7168K, used 615K [0x00000000eab00000, 0x00000000eb480000, 0x0000000100000000)
  eden space 4096K, 0% used [0x00000000eab00000,0x00000000eab00000,0x00000000eaf00000)
  from space 3072K, 20% used [0x00000000eb000000,0x00000000eb099f70,0x00000000eb300000)
  to   space 1536K, 0% used [0x00000000eb300000,0x00000000eb300000,0x00000000eb480000)
 ParOldGen       total 460800K, used 460622K [0x00000000c0000000, 0x00000000dc200000, 0x00000000eab00000)
  object space 460800K, 99% used [0x00000000c0000000,0x00000000dc1d3a10,0x00000000dc200000)
 Metaspace       used 74746K, committed 76352K, reserved 1179648K
  class space    used 7531K, committed 8256K, reserved 1048576K
}
Event: 52.153 GC heap before
{Heap before GC invocations=1774 (full 4):
 PSYoungGen      total 7168K, used 4552K [0x00000000eab00000, 0x00000000eb480000, 0x0000000100000000)
  eden space 4096K, 96% used [0x00000000eab00000,0x00000000eaed8420,0x00000000eaf00000)
  from space 3072K, 20% used [0x00000000eb000000,0x00000000eb099f70,0x00000000eb300000)
  to   space 1536K, 0% used [0x00000000eb300000,0x00000000eb300000,0x00000000eb480000)
 ParOldGen       total 460800K, used 460622K [0x00000000c0000000, 0x00000000dc200000, 0x00000000eab00000)
  object space 460800K, 99% used [0x00000000c0000000,0x00000000dc1d3a10,0x00000000dc200000)
 Metaspace       used 74968K, committed 76608K, reserved 1179648K
  class space    used 7555K, committed 8320K, reserved 1048576K
}
Event: 52.157 GC heap after
{Heap after GC invocations=1774 (full 4):
 PSYoungGen      total 5120K, used 643K [0x00000000eab00000, 0x00000000eb400000, 0x0000000100000000)
  eden space 4096K, 0% used [0x00000000eab00000,0x00000000eab00000,0x00000000eaf00000)
  from space 1024K, 62% used [0x00000000eb300000,0x00000000eb3a0c28,0x00000000eb400000)
  to   space 1024K, 0% used [0x00000000eb200000,0x00000000eb200000,0x00000000eb300000)
 ParOldGen       total 461312K, used 461075K [0x00000000c0000000, 0x00000000dc280000, 0x00000000eab00000)
  object space 461312K, 99% used [0x00000000c0000000,0x00000000dc244dd0,0x00000000dc280000)
 Metaspace       used 74968K, committed 76608K, reserved 1179648K
  class space    used 7555K, committed 8320K, reserved 1048576K
}
Event: 52.231 GC heap before
{Heap before GC invocations=1775 (full 4):
 PSYoungGen      total 5120K, used 4735K [0x00000000eab00000, 0x00000000eb400000, 0x0000000100000000)
  eden space 4096K, 99% used [0x00000000eab00000,0x00000000eaeff118,0x00000000eaf00000)
  from space 1024K, 62% used [0x00000000eb300000,0x00000000eb3a0c28,0x00000000eb400000)
  to   space 1024K, 0% used [0x00000000eb200000,0x00000000eb200000,0x00000000eb300000)
 ParOldGen       total 461312K, used 461075K [0x00000000c0000000, 0x00000000dc280000, 0x00000000eab00000)
  object space 461312K, 99% used [0x00000000c0000000,0x00000000dc244dd0,0x00000000dc280000)
 Metaspace       used 75107K, committed 76736K, reserved 1179648K
  class space    used 7564K, committed 8320K, reserved 1048576K
}
Event: 52.233 GC heap after
{Heap after GC invocations=1775 (full 4):
 PSYoungGen      total 5120K, used 258K [0x00000000eab00000, 0x00000000eb380000, 0x0000000100000000)
  eden space 4096K, 0% used [0x00000000eab00000,0x00000000eab00000,0x00000000eaf00000)
  from space 1024K, 25% used [0x00000000eb200000,0x00000000eb240928,0x00000000eb300000)
  to   space 512K, 0% used [0x00000000eb300000,0x00000000eb300000,0x00000000eb380000)
 ParOldGen       total 461824K, used 461618K [0x00000000c0000000, 0x00000000dc300000, 0x00000000eab00000)
  object space 461824K, 99% used [0x00000000c0000000,0x00000000dc2ccb68,0x00000000dc300000)
 Metaspace       used 75107K, committed 76736K, reserved 1179648K
  class space    used 7564K, committed 8320K, reserved 1048576K
}
Event: 52.324 GC heap before
{Heap before GC invocations=1776 (full 4):
 PSYoungGen      total 5120K, used 4354K [0x00000000eab00000, 0x00000000eb380000, 0x0000000100000000)
  eden space 4096K, 100% used [0x00000000eab00000,0x00000000eaf00000,0x00000000eaf00000)
  from space 1024K, 25% used [0x00000000eb200000,0x00000000eb240928,0x00000000eb300000)
  to   space 512K, 0% used [0x00000000eb300000,0x00000000eb300000,0x00000000eb380000)
 ParOldGen       total 461824K, used 461618K [0x00000000c0000000, 0x00000000dc300000, 0x00000000eab00000)
  object space 461824K, 99% used [0x00000000c0000000,0x00000000dc2ccb68,0x00000000dc300000)
 Metaspace       used 75197K, committed 76800K, reserved 1179648K
  class space    used 7573K, committed 8320K, reserved 1048576K
}
Event: 52.325 GC heap after
{Heap after GC invocations=1776 (full 4):
 PSYoungGen      total 4608K, used 273K [0x00000000eab00000, 0x00000000eb380000, 0x0000000100000000)
  eden space 4096K, 0% used [0x00000000eab00000,0x00000000eab00000,0x00000000eaf00000)
  from space 512K, 53% used [0x00000000eb300000,0x00000000eb344770,0x00000000eb380000)
  to   space 512K, 0% used [0x00000000eb280000,0x00000000eb280000,0x00000000eb300000)
 ParOldGen       total 461824K, used 461666K [0x00000000c0000000, 0x00000000dc300000, 0x00000000eab00000)
  object space 461824K, 99% used [0x00000000c0000000,0x00000000dc2d8b68,0x00000000dc300000)
 Metaspace       used 75197K, committed 76800K, reserved 1179648K
  class space    used 7573K, committed 8320K, reserved 1048576K
}
Event: 52.429 GC heap before
{Heap before GC invocations=1777 (full 4):
 PSYoungGen      total 4608K, used 4369K [0x00000000eab00000, 0x00000000eb380000, 0x0000000100000000)
  eden space 4096K, 100% used [0x00000000eab00000,0x00000000eaf00000,0x00000000eaf00000)
  from space 512K, 53% used [0x00000000eb300000,0x00000000eb344770,0x00000000eb380000)
  to   space 512K, 0% used [0x00000000eb280000,0x00000000eb280000,0x00000000eb300000)
 ParOldGen       total 461824K, used 461666K [0x00000000c0000000, 0x00000000dc300000, 0x00000000eab00000)
  object space 461824K, 99% used [0x00000000c0000000,0x00000000dc2d8b68,0x00000000dc300000)
 Metaspace       used 75335K, committed 76928K, reserved 1179648K
  class space    used 7583K, committed 8320K, reserved 1048576K
}
Event: 52.431 GC heap after
{Heap after GC invocations=1777 (full 4):
 PSYoungGen      total 4608K, used 496K [0x00000000eab00000, 0x00000000eb380000, 0x0000000100000000)
  eden space 4096K, 0% used [0x00000000eab00000,0x00000000eab00000,0x00000000eaf00000)
  from space 512K, 96% used [0x00000000eb280000,0x00000000eb2fc010,0x00000000eb300000)
  to   space 512K, 0% used [0x00000000eb300000,0x00000000eb300000,0x00000000eb380000)
 ParOldGen       total 462336K, used 462079K [0x00000000c0000000, 0x00000000dc380000, 0x00000000eab00000)
  object space 462336K, 99% used [0x00000000c0000000,0x00000000dc33fec8,0x00000000dc380000)
 Metaspace       used 75335K, committed 76928K, reserved 1179648K
  class space    used 7583K, committed 8320K, reserved 1048576K
}
Event: 52.475 GC heap before
{Heap before GC invocations=1778 (full 4):
 PSYoungGen      total 4608K, used 4592K [0x00000000eab00000, 0x00000000eb380000, 0x0000000100000000)
  eden space 4096K, 100% used [0x00000000eab00000,0x00000000eaf00000,0x00000000eaf00000)
  from space 512K, 96% used [0x00000000eb280000,0x00000000eb2fc010,0x00000000eb300000)
  to   space 512K, 0% used [0x00000000eb300000,0x00000000eb300000,0x00000000eb380000)
 ParOldGen       total 462336K, used 462079K [0x00000000c0000000, 0x00000000dc380000, 0x00000000eab00000)
  object space 462336K, 99% used [0x00000000c0000000,0x00000000dc33fec8,0x00000000dc380000)
 Metaspace       used 75337K, committed 76928K, reserved 1179648K
  class space    used 7583K, committed 8320K, reserved 1048576K
}
Event: 52.478 GC heap after
{Heap after GC invocations=1778 (full 4):
 PSYoungGen      total 4608K, used 378K [0x00000000eab00000, 0x00000000eb380000, 0x0000000100000000)
  eden space 4096K, 0% used [0x00000000eab00000,0x00000000eab00000,0x00000000eaf00000)
  from space 512K, 73% used [0x00000000eb300000,0x00000000eb35e900,0x00000000eb380000)
  to   space 1024K, 0% used [0x00000000eb180000,0x00000000eb180000,0x00000000eb280000)
 ParOldGen       total 462848K, used 462475K [0x00000000c0000000, 0x00000000dc400000, 0x00000000eab00000)
  object space 462848K, 99% used [0x00000000c0000000,0x00000000dc3a2ed8,0x00000000dc400000)
 Metaspace       used 75337K, committed 76928K, reserved 1179648K
  class space    used 7583K, committed 8320K, reserved 1048576K
}
Event: 52.502 GC heap before
{Heap before GC invocations=1779 (full 4):
 PSYoungGen      total 4608K, used 4344K [0x00000000eab00000, 0x00000000eb380000, 0x0000000100000000)
  eden space 4096K, 96% used [0x00000000eab00000,0x00000000eaedf730,0x00000000eaf00000)
  from space 512K, 73% used [0x00000000eb300000,0x00000000eb35e900,0x00000000eb380000)
  to   space 1024K, 0% used [0x00000000eb180000,0x00000000eb180000,0x00000000eb280000)
 ParOldGen       total 462848K, used 462475K [0x00000000c0000000, 0x00000000dc400000, 0x00000000eab00000)
  object space 462848K, 99% used [0x00000000c0000000,0x00000000dc3a2ed8,0x00000000dc400000)
 Metaspace       used 75337K, committed 76928K, reserved 1179648K
  class space    used 7583K, committed 8320K, reserved 1048576K
}
Event: 52.505 GC heap after
{Heap after GC invocations=1779 (full 4):
 PSYoungGen      total 5120K, used 1023K [0x00000000eab00000, 0x00000000eb380000, 0x0000000100000000)
  eden space 4096K, 0% used [0x00000000eab00000,0x00000000eab00000,0x00000000eaf00000)
  from space 1024K, 99% used [0x00000000eb180000,0x00000000eb27fc08,0x00000000eb280000)
  to   space 1024K, 0% used [0x00000000eb280000,0x00000000eb280000,0x00000000eb380000)
 ParOldGen       total 463360K, used 462886K [0x00000000c0000000, 0x00000000dc480000, 0x00000000eab00000)
  object space 463360K, 99% used [0x00000000c0000000,0x00000000dc4099b8,0x00000000dc480000)
 Metaspace       used 75337K, committed 76928K, reserved 1179648K
  class space    used 7583K, committed 8320K, reserved 1048576K
}
Event: 52.522 GC heap before
{Heap before GC invocations=1780 (full 4):
 PSYoungGen      total 5120K, used 5119K [0x00000000eab00000, 0x00000000eb380000, 0x0000000100000000)
  eden space 4096K, 100% used [0x00000000eab00000,0x00000000eaf00000,0x00000000eaf00000)
  from space 1024K, 99% used [0x00000000eb180000,0x00000000eb27fc08,0x00000000eb280000)
  to   space 1024K, 0% used [0x00000000eb280000,0x00000000eb280000,0x00000000eb380000)
 ParOldGen       total 463360K, used 462886K [0x00000000c0000000, 0x00000000dc480000, 0x00000000eab00000)
  object space 463360K, 99% used [0x00000000c0000000,0x00000000dc4099b8,0x00000000dc480000)
 Metaspace       used 75339K, committed 76928K, reserved 1179648K
  class space    used 7583K, committed 8320K, reserved 1048576K
}
Event: 52.525 GC heap after
{Heap after GC invocations=1780 (full 4):
 PSYoungGen      total 5120K, used 517K [0x00000000eab00000, 0x00000000eb380000, 0x0000000100000000)
  eden space 4096K, 0% used [0x00000000eab00000,0x00000000eab00000,0x00000000eaf00000)
  from space 1024K, 50% used [0x00000000eb280000,0x00000000eb301428,0x00000000eb380000)
  to   space 1024K, 0% used [0x00000000eb180000,0x00000000eb180000,0x00000000eb280000)
 ParOldGen       total 464384K, used 463680K [0x00000000c0000000, 0x00000000dc580000, 0x00000000eab00000)
  object space 464384K, 99% used [0x00000000c0000000,0x00000000dc4d01b0,0x00000000dc580000)
 Metaspace       used 75339K, committed 76928K, reserved 1179648K
  class space    used 7583K, committed 8320K, reserved 1048576K
}
Event: 52.552 GC heap before
{Heap before GC invocations=1781 (full 4):
 PSYoungGen      total 5120K, used 4613K [0x00000000eab00000, 0x00000000eb380000, 0x0000000100000000)
  eden space 4096K, 100% used [0x00000000eab00000,0x00000000eaf00000,0x00000000eaf00000)
  from space 1024K, 50% used [0x00000000eb280000,0x00000000eb301428,0x00000000eb380000)
  to   space 1024K, 0% used [0x00000000eb180000,0x00000000eb180000,0x00000000eb280000)
 ParOldGen       total 464384K, used 463680K [0x00000000c0000000, 0x00000000dc580000, 0x00000000eab00000)
  object space 464384K, 99% used [0x00000000c0000000,0x00000000dc4d01b0,0x00000000dc580000)
 Metaspace       used 75357K, committed 76928K, reserved 1179648K
  class space    used 7583K, committed 8320K, reserved 1048576K
}
Event: 52.555 GC heap after
{Heap after GC invocations=1781 (full 4):
 PSYoungGen      total 5120K, used 352K [0x00000000eab00000, 0x00000000eb300000, 0x0000000100000000)
  eden space 4096K, 0% used [0x00000000eab00000,0x00000000eab00000,0x00000000eaf00000)
  from space 1024K, 34% used [0x00000000eb180000,0x00000000eb1d8000,0x00000000eb280000)
  to   space 512K, 0% used [0x00000000eb280000,0x00000000eb280000,0x00000000eb300000)
 ParOldGen       total 464384K, used 464040K [0x00000000c0000000, 0x00000000dc580000, 0x00000000eab00000)
  object space 464384K, 99% used [0x00000000c0000000,0x00000000dc52a1b0,0x00000000dc580000)
 Metaspace       used 75357K, committed 76928K, reserved 1179648K
  class space    used 7583K, committed 8320K, reserved 1048576K
}
Event: 52.720 GC heap before
{Heap before GC invocations=1782 (full 4):
 PSYoungGen      total 5120K, used 4448K [0x00000000eab00000, 0x00000000eb300000, 0x0000000100000000)
  eden space 4096K, 100% used [0x00000000eab00000,0x00000000eaf00000,0x00000000eaf00000)
  from space 1024K, 34% used [0x00000000eb180000,0x00000000eb1d8000,0x00000000eb280000)
  to   space 512K, 0% used [0x00000000eb280000,0x00000000eb280000,0x00000000eb300000)
 ParOldGen       total 464384K, used 464040K [0x00000000c0000000, 0x00000000dc580000, 0x00000000eab00000)
  object space 464384K, 99% used [0x00000000c0000000,0x00000000dc52a1b0,0x00000000dc580000)
 Metaspace       used 75508K, committed 77120K, reserved 1179648K
  class space    used 7583K, committed 8320K, reserved 1048576K
}
Event: 52.723 GC heap after
{Heap after GC invocations=1782 (full 4):
 PSYoungGen      total 4608K, used 480K [0x00000000eab00000, 0x00000000eb300000, 0x0000000100000000)
  eden space 4096K, 0% used [0x00000000eab00000,0x00000000eab00000,0x00000000eaf00000)
  from space 512K, 93% used [0x00000000eb280000,0x00000000eb2f8020,0x00000000eb300000)
  to   space 1536K, 0% used [0x00000000eb000000,0x00000000eb000000,0x00000000eb180000)
 ParOldGen       total 464896K, used 464496K [0x00000000c0000000, 0x00000000dc600000, 0x00000000eab00000)
  object space 464896K, 99% used [0x00000000c0000000,0x00000000dc59c1c0,0x00000000dc600000)
 Metaspace       used 75508K, committed 77120K, reserved 1179648K
  class space    used 7583K, committed 8320K, reserved 1048576K
}

Dll operation events (12 events):
Event: 0.021 Loaded shared library c:\Users\darri\.vscode\extensions\redhat.java-1.41.1-win32-x64\jre\21.0.6-win32-x86_64\bin\java.dll
Event: 0.272 Loaded shared library c:\Users\darri\.vscode\extensions\redhat.java-1.41.1-win32-x64\jre\21.0.6-win32-x86_64\bin\zip.dll
Event: 0.336 Loaded shared library C:\Users\darri\.vscode\extensions\redhat.java-1.41.1-win32-x64\jre\21.0.6-win32-x86_64\bin\instrument.dll
Event: 0.359 Loaded shared library C:\Users\darri\.vscode\extensions\redhat.java-1.41.1-win32-x64\jre\21.0.6-win32-x86_64\bin\net.dll
Event: 0.372 Loaded shared library C:\Users\darri\.vscode\extensions\redhat.java-1.41.1-win32-x64\jre\21.0.6-win32-x86_64\bin\nio.dll
Event: 0.375 Loaded shared library C:\Users\darri\.vscode\extensions\redhat.java-1.41.1-win32-x64\jre\21.0.6-win32-x86_64\bin\zip.dll
Event: 0.398 Loaded shared library C:\Users\darri\.vscode\extensions\redhat.java-1.41.1-win32-x64\jre\21.0.6-win32-x86_64\bin\jimage.dll
Event: 0.467 Loaded shared library c:\Users\darri\.vscode\extensions\redhat.java-1.41.1-win32-x64\jre\21.0.6-win32-x86_64\bin\verify.dll
Event: 1.572 Loaded shared library C:\Users\darri\AppData\Roaming\Code\User\globalStorage\redhat.java\1.41.1\config_win\org.eclipse.equinox.launcher\org.eclipse.equinox.launcher.win32.win32.x86_64_1.2.1300.v20250331-1702\eclipse_11911.dll
Event: 3.054 Loaded shared library C:\Users\darri\AppData\Local\Temp\jna-95355020\jna3078426000716524692.dll
Event: 4.693 Loaded shared library C:\Users\darri\.vscode\extensions\redhat.java-1.41.1-win32-x64\jre\21.0.6-win32-x86_64\bin\sunmscapi.dll
Event: 5.226 Loaded shared library C:\Users\darri\.vscode\extensions\redhat.java-1.41.1-win32-x64\jre\21.0.6-win32-x86_64\bin\extnet.dll

Deoptimization events (20 events):
Event: 52.135 Thread 0x0000021a71147030 DEOPT PACKING pc=0x0000021a54861f80 sp=0x00000099d5afc960
Event: 52.135 Thread 0x0000021a71147030 DEOPT UNPACKING pc=0x0000021a54173aa2 sp=0x00000099d5afc908 mode 2
Event: 52.196 Thread 0x0000021a71146310 Uncommon trap: trap_request=0xffffff45 fr.pc=0x0000021a547d88a4 relative=0x00000000000002e4
Event: 52.196 Thread 0x0000021a71146310 Uncommon trap: reason=unstable_if action=reinterpret pc=0x0000021a547d88a4 method=org.eclipse.core.runtime.Path.equals(Ljava/lang/Object;)Z @ 120 c2
Event: 52.196 Thread 0x0000021a71146310 DEOPT PACKING pc=0x0000021a547d88a4 sp=0x00000099d58fe790
Event: 52.196 Thread 0x0000021a71146310 DEOPT UNPACKING pc=0x0000021a54173aa2 sp=0x00000099d58fe720 mode 2
Event: 52.196 Thread 0x0000021a71146310 Uncommon trap: trap_request=0xffffff45 fr.pc=0x0000021a54f10814 relative=0x00000000000002b4
Event: 52.196 Thread 0x0000021a71146310 Uncommon trap: reason=unstable_if action=reinterpret pc=0x0000021a54f10814 method=java.net.URI.equal(Ljava/lang/String;Ljava/lang/String;)Z @ 10 c2
Event: 52.196 Thread 0x0000021a71146310 DEOPT PACKING pc=0x0000021a54f10814 sp=0x00000099d58fe850
Event: 52.196 Thread 0x0000021a71146310 DEOPT UNPACKING pc=0x0000021a54173aa2 sp=0x00000099d58fe7e0 mode 2
Event: 52.484 Thread 0x0000021a71147030 DEOPT PACKING pc=0x0000021a4ea5a5f1 sp=0x00000099d5afd380
Event: 52.484 Thread 0x0000021a71147030 DEOPT UNPACKING pc=0x0000021a54174242 sp=0x00000099d5afc8a0 mode 0
Event: 52.516 Thread 0x0000021a71147030 Uncommon trap: trap_request=0xffffffd6 fr.pc=0x0000021a5512b0d8 relative=0x0000000000001598
Event: 52.517 Thread 0x0000021a71147030 Uncommon trap: reason=array_check action=maybe_recompile pc=0x0000021a5512b0d8 method=java.util.TimSort.reverseRange([Ljava/lang/Object;II)V @ 27 c2
Event: 52.517 Thread 0x0000021a71147030 DEOPT PACKING pc=0x0000021a5512b0d8 sp=0x00000099d5afde20
Event: 52.517 Thread 0x0000021a71147030 DEOPT UNPACKING pc=0x0000021a54173aa2 sp=0x00000099d5afdcc8 mode 2
Event: 52.517 Thread 0x0000021a71147030 Uncommon trap: trap_request=0xffffffd6 fr.pc=0x0000021a5512b0d8 relative=0x0000000000001598
Event: 52.517 Thread 0x0000021a71147030 Uncommon trap: reason=array_check action=maybe_recompile pc=0x0000021a5512b0d8 method=java.util.TimSort.reverseRange([Ljava/lang/Object;II)V @ 27 c2
Event: 52.520 Thread 0x0000021a71147030 DEOPT PACKING pc=0x0000021a5512b0d8 sp=0x00000099d5afce40
Event: 52.520 Thread 0x0000021a71147030 DEOPT UNPACKING pc=0x0000021a54173aa2 sp=0x00000099d5afcce8 mode 2

Classes loaded (20 events):
Event: 17.308 Loading class java/util/concurrent/CompletableFuture$UniExceptionally
Event: 17.309 Loading class java/util/concurrent/CompletableFuture$UniExceptionally done
Event: 17.384 Loading class java/util/Hashtable$KeySet
Event: 17.384 Loading class java/util/Hashtable$KeySet done
Event: 17.736 Loading class java/lang/UnsupportedClassVersionError
Event: 17.736 Loading class java/lang/UnsupportedClassVersionError done
Event: 22.972 Loading class java/util/HashMap$EntrySpliterator
Event: 22.972 Loading class java/util/HashMap$EntrySpliterator done
Event: 24.476 Loading class java/lang/Throwable$WrappedPrintWriter
Event: 24.476 Loading class java/lang/Throwable$PrintStreamOrWriter
Event: 24.572 Loading class java/lang/Throwable$PrintStreamOrWriter done
Event: 24.572 Loading class java/lang/Throwable$WrappedPrintWriter done
Event: 31.529 Loading class sun/nio/cs/ISO_8859_1$Encoder
Event: 31.529 Loading class sun/nio/cs/ISO_8859_1$Encoder done
Event: 31.529 Loading class sun/nio/cs/Surrogate$Parser
Event: 31.529 Loading class sun/nio/cs/Surrogate$Parser done
Event: 31.529 Loading class sun/nio/cs/Surrogate
Event: 31.530 Loading class sun/nio/cs/Surrogate done
Event: 52.410 Loading class jdk/internal/ref/CleanerImpl$InnocuousThreadFactory
Event: 52.410 Loading class jdk/internal/ref/CleanerImpl$InnocuousThreadFactory done

Classes unloaded (7 events):
Event: 3.540 Thread 0x0000021a476f7a00 Unloading class 0x0000021a011a2c00 'java/lang/invoke/LambdaForm$MH+0x0000021a011a2c00'
Event: 3.540 Thread 0x0000021a476f7a00 Unloading class 0x0000021a011a2800 'java/lang/invoke/LambdaForm$MH+0x0000021a011a2800'
Event: 3.540 Thread 0x0000021a476f7a00 Unloading class 0x0000021a011a2400 'java/lang/invoke/LambdaForm$MH+0x0000021a011a2400'
Event: 3.540 Thread 0x0000021a476f7a00 Unloading class 0x0000021a011a2000 'java/lang/invoke/LambdaForm$MH+0x0000021a011a2000'
Event: 3.540 Thread 0x0000021a476f7a00 Unloading class 0x0000021a011a1c00 'java/lang/invoke/LambdaForm$BMH+0x0000021a011a1c00'
Event: 3.540 Thread 0x0000021a476f7a00 Unloading class 0x0000021a011a1800 'java/lang/invoke/LambdaForm$DMH+0x0000021a011a1800'
Event: 3.540 Thread 0x0000021a476f7a00 Unloading class 0x0000021a011a0400 'java/lang/invoke/LambdaForm$DMH+0x0000021a011a0400'

Classes redefined (0 events):
No events

Internal exceptions (20 events):
Event: 50.280 Thread 0x0000021a63efe110 Exception <a 'sun/nio/fs/WindowsException'{0x00000000eacac430}> (0x00000000eacac430) 
thrown [s\src\hotspot\share\prims\jni.cpp, line 520]
Event: 50.317 Thread 0x0000021a63efe110 Exception <a 'sun/nio/fs/WindowsException'{0x00000000eab0c590}> (0x00000000eab0c590) 
thrown [s\src\hotspot\share\prims\jni.cpp, line 520]
Event: 51.545 Thread 0x0000021a6396c850 Exception <a 'java/lang/IncompatibleClassChangeError'{0x00000000eac07f00}: Found class java.lang.Object, but interface was expected> (0x00000000eac07f00) 
thrown [s\src\hotspot\share\interpreter\linkResolver.cpp, line 840]
Event: 51.559 Thread 0x0000021a6396c850 Exception <a 'java/lang/IncompatibleClassChangeError'{0x00000000eab14800}: Found class java.lang.Object, but interface was expected> (0x00000000eab14800) 
thrown [s\src\hotspot\share\interpreter\linkResolver.cpp, line 840]
Event: 51.568 Thread 0x0000021a71147030 Exception <a 'java/lang/ArrayIndexOutOfBoundsException'{0x00000000eac7ac00}> (0x00000000eac7ac00) 
thrown [s\src\hotspot\share\runtime\sharedRuntime.cpp, line 625]
Event: 51.850 Thread 0x0000021a711448d0 Exception <a 'java/lang/NoSuchMethodError'{0x00000000ead2aee0}: 'java.lang.Object java.lang.invoke.DirectMethodHandle$Holder.newInvokeSpecial(java.lang.Object, java.lang.Object, java.lang.Object, java.lang.Object, int)'> (0x00000000ead2aee0) 
thrown [s\src\hotspot\share\interpreter\linkResolver.cpp, line 773]
Event: 51.860 Thread 0x0000021a711448d0 Exception <a 'java/lang/NoSuchMethodError'{0x00000000ead2f330}: 'java.lang.Object java.lang.invoke.DirectMethodHandle$Holder.invokeSpecial(java.lang.Object, java.lang.Object, java.lang.Object, java.lang.Object, java.lang.Object, int)'> (0x00000000ead2f330) 
thrown [s\src\hotspot\share\interpreter\linkResolver.cpp, line 773]
Event: 51.860 Thread 0x0000021a711448d0 Exception <a 'java/lang/NoSuchMethodError'{0x00000000ead32d50}: 'java.lang.Object java.lang.invoke.Invokers$Holder.linkToTargetMethod(java.lang.Object, java.lang.Object, java.lang.Object, int, java.lang.Object)'> (0x00000000ead32d50) 
thrown [s\src\hotspot\share\interpreter\linkResolver.cpp, line 773]
Event: 52.062 Thread 0x0000021a63965230 Exception <a 'sun/nio/fs/WindowsException'{0x00000000eaec1860}> (0x00000000eaec1860) 
thrown [s\src\hotspot\share\prims\jni.cpp, line 520]
Event: 52.062 Thread 0x0000021a63965230 Exception <a 'sun/nio/fs/WindowsException'{0x00000000eaec21c8}> (0x00000000eaec21c8) 
thrown [s\src\hotspot\share\prims\jni.cpp, line 520]
Event: 52.108 Thread 0x0000021a711448d0 Exception <a 'sun/nio/fs/WindowsException'{0x00000000eababd58}> (0x00000000eababd58) 
thrown [s\src\hotspot\share\prims\jni.cpp, line 520]
Event: 52.109 Thread 0x0000021a711448d0 Exception <a 'sun/nio/fs/WindowsException'{0x00000000eabac720}> (0x00000000eabac720) 
thrown [s\src\hotspot\share\prims\jni.cpp, line 520]
Event: 52.109 Thread 0x0000021a711448d0 Exception <a 'sun/nio/fs/WindowsException'{0x00000000eabad710}> (0x00000000eabad710) 
thrown [s\src\hotspot\share\prims\jni.cpp, line 520]
Event: 52.110 Thread 0x0000021a711448d0 Exception <a 'sun/nio/fs/WindowsException'{0x00000000eabae0d8}> (0x00000000eabae0d8) 
thrown [s\src\hotspot\share\prims\jni.cpp, line 520]
Event: 52.111 Thread 0x0000021a711448d0 Exception <a 'sun/nio/fs/WindowsException'{0x00000000eabafb18}> (0x00000000eabafb18) 
thrown [s\src\hotspot\share\prims\jni.cpp, line 520]
Event: 52.111 Thread 0x0000021a711448d0 Exception <a 'sun/nio/fs/WindowsException'{0x00000000eabc9410}> (0x00000000eabc9410) 
thrown [s\src\hotspot\share\prims\jni.cpp, line 520]
Event: 52.116 Thread 0x0000021a63965230 Exception <a 'java/lang/NoSuchMethodError'{0x00000000eac01f70}: 'java.lang.Object java.lang.invoke.Invokers$Holder.linkToTargetMethod(java.lang.Object, java.lang.Object, int, int, java.lang.Object)'> (0x00000000eac01f70) 
thrown [s\src\hotspot\share\interpreter\linkResolver.cpp, line 773]
Event: 52.122 Thread 0x0000021a63965230 Exception <a 'java/lang/NoSuchMethodError'{0x00000000eacbf610}: method resolution failed> (0x00000000eacbf610) 
thrown [s\src\hotspot\share\prims\methodHandles.cpp, line 1144]
Event: 52.124 Thread 0x0000021a711448d0 Exception <a 'sun/nio/fs/WindowsException'{0x00000000eacd8d18}> (0x00000000eacd8d18) 
thrown [s\src\hotspot\share\prims\jni.cpp, line 520]
Event: 52.124 Thread 0x0000021a711448d0 Exception <a 'sun/nio/fs/WindowsException'{0x00000000eacda370}> (0x00000000eacda370) 
thrown [s\src\hotspot\share\prims\jni.cpp, line 520]

ZGC Phase Switch (0 events):
No events

VM Operations (20 events):
Event: 52.070 Executing VM operation: ParallelGCFailedAllocation (Allocation Failure)
Event: 52.076 Executing VM operation: ParallelGCFailedAllocation (Allocation Failure) done
Event: 52.153 Executing VM operation: ParallelGCFailedAllocation (Allocation Failure)
Event: 52.157 Executing VM operation: ParallelGCFailedAllocation (Allocation Failure) done
Event: 52.231 Executing VM operation: ParallelGCFailedAllocation (Allocation Failure)
Event: 52.233 Executing VM operation: ParallelGCFailedAllocation (Allocation Failure) done
Event: 52.310 Executing VM operation: ParallelGCFailedAllocation (Allocation Failure)
Event: 52.325 Executing VM operation: ParallelGCFailedAllocation (Allocation Failure) done
Event: 52.428 Executing VM operation: ParallelGCFailedAllocation (Allocation Failure)
Event: 52.431 Executing VM operation: ParallelGCFailedAllocation (Allocation Failure) done
Event: 52.475 Executing VM operation: ParallelGCFailedAllocation (Allocation Failure)
Event: 52.478 Executing VM operation: ParallelGCFailedAllocation (Allocation Failure) done
Event: 52.502 Executing VM operation: ParallelGCFailedAllocation (Allocation Failure)
Event: 52.505 Executing VM operation: ParallelGCFailedAllocation (Allocation Failure) done
Event: 52.522 Executing VM operation: ParallelGCFailedAllocation (Allocation Failure)
Event: 52.525 Executing VM operation: ParallelGCFailedAllocation (Allocation Failure) done
Event: 52.552 Executing VM operation: ParallelGCFailedAllocation (Allocation Failure)
Event: 52.555 Executing VM operation: ParallelGCFailedAllocation (Allocation Failure) done
Event: 52.720 Executing VM operation: ParallelGCFailedAllocation (Allocation Failure)
Event: 52.723 Executing VM operation: ParallelGCFailedAllocation (Allocation Failure) done

Memory protections (0 events):
No events

Nmethod flushes (20 events):
Event: 44.302 Thread 0x0000021a476f7a00 flushing  nmethod 0x0000021a4db0ff10
Event: 44.302 Thread 0x0000021a476f7a00 flushing  nmethod 0x0000021a4db10710
Event: 44.302 Thread 0x0000021a476f7a00 flushing  nmethod 0x0000021a4db10c10
Event: 44.302 Thread 0x0000021a476f7a00 flushing  nmethod 0x0000021a4db11490
Event: 44.302 Thread 0x0000021a476f7a00 flushing  nmethod 0x0000021a4db12c90
Event: 44.302 Thread 0x0000021a476f7a00 flushing  nmethod 0x0000021a4db13190
Event: 44.302 Thread 0x0000021a476f7a00 flushing  nmethod 0x0000021a4db13790
Event: 44.302 Thread 0x0000021a476f7a00 flushing  nmethod 0x0000021a4db2e490
Event: 44.302 Thread 0x0000021a476f7a00 flushing  nmethod 0x0000021a4db2ff10
Event: 44.302 Thread 0x0000021a476f7a00 flushing  nmethod 0x0000021a4db33390
Event: 44.302 Thread 0x0000021a476f7a00 flushing  nmethod 0x0000021a4db43f90
Event: 44.302 Thread 0x0000021a476f7a00 flushing  nmethod 0x0000021a4db44490
Event: 44.302 Thread 0x0000021a476f7a00 flushing  nmethod 0x0000021a4db63710
Event: 44.302 Thread 0x0000021a476f7a00 flushing  nmethod 0x0000021a4db6ff10
Event: 44.302 Thread 0x0000021a476f7a00 flushing  nmethod 0x0000021a4db7d190
Event: 44.302 Thread 0x0000021a476f7a00 flushing  nmethod 0x0000021a4db83c10
Event: 44.302 Thread 0x0000021a476f7a00 flushing  nmethod 0x0000021a4dba9e90
Event: 44.302 Thread 0x0000021a476f7a00 flushing  nmethod 0x0000021a4dbf5510
Event: 44.302 Thread 0x0000021a476f7a00 flushing  nmethod 0x0000021a4dbfe890
Event: 44.302 Thread 0x0000021a476f7a00 flushing  nmethod 0x0000021a4dc40b10

Events (20 events):
Event: 17.308 Thread 0x0000021a6396c850 Thread added: 0x0000021a711448d0
Event: 17.412 Thread 0x0000021a6396c850 Thread added: 0x0000021a71146310
Event: 17.445 Thread 0x0000021a63efee30 Thread added: 0x0000021a711469a0
Event: 17.877 Thread 0x0000021a71146310 Thread added: 0x0000021a71147030
Event: 22.446 Thread 0x0000021a711469a0 Thread exited: 0x0000021a711469a0
Event: 22.869 Thread 0x0000021a6554ead0 Thread exited: 0x0000021a6554ead0
Event: 22.958 Thread 0x0000021a5dd9acf0 Thread added: 0x0000021a6554ead0
Event: 23.605 Thread 0x0000021a6554ead0 Thread exited: 0x0000021a6554ead0
Event: 23.910 Thread 0x0000021a5dd9acf0 Thread added: 0x0000021a655513b0
Event: 24.327 Thread 0x0000021a655513b0 Thread exited: 0x0000021a655513b0
Event: 28.870 Thread 0x0000021a5dd299d0 Thread added: 0x0000021a655513b0
Event: 29.137 Thread 0x0000021a655513b0 Thread exited: 0x0000021a655513b0
Event: 31.171 Thread 0x0000021a5dd299d0 Thread added: 0x0000021a70a92b70
Event: 31.823 Thread 0x0000021a70a92b70 Thread exited: 0x0000021a70a92b70
Event: 31.844 Thread 0x0000021a5dd9acf0 Thread added: 0x0000021a70a90960
Event: 33.564 Thread 0x0000021a70a90960 Thread exited: 0x0000021a70a90960
Event: 48.608 Thread 0x0000021a5dd9acf0 Thread added: 0x0000021a70a968c0
Event: 49.759 Thread 0x0000021a70a968c0 Thread exited: 0x0000021a70a968c0
Event: 50.345 Thread 0x0000021a5dd299d0 Thread added: 0x0000021a70a94d80
Event: 52.410 Thread 0x0000021a71147030 Thread added: 0x0000021a71142800


Dynamic libraries:
0x00007ff7cfa30000 - 0x00007ff7cfa3e000 	c:\Users\darri\.vscode\extensions\redhat.java-1.41.1-win32-x64\jre\21.0.6-win32-x86_64\bin\java.exe
0x00007ffb1baf0000 - 0x00007ffb1bce8000 	C:\WINDOWS\SYSTEM32\ntdll.dll
0x00007ffb19d50000 - 0x00007ffb19e12000 	C:\WINDOWS\System32\KERNEL32.DLL
0x00007ffb19290000 - 0x00007ffb19586000 	C:\WINDOWS\System32\KERNELBASE.dll
0x00007ffb19860000 - 0x00007ffb19960000 	C:\WINDOWS\System32\ucrtbase.dll
0x00007ffb142e0000 - 0x00007ffb142f8000 	c:\Users\darri\.vscode\extensions\redhat.java-1.41.1-win32-x64\jre\21.0.6-win32-x86_64\bin\jli.dll
0x00007ffb1b1c0000 - 0x00007ffb1b35d000 	C:\WINDOWS\System32\USER32.dll
0x00007ffb19830000 - 0x00007ffb19852000 	C:\WINDOWS\System32\win32u.dll
0x00007ffb1b3c0000 - 0x00007ffb1b3eb000 	C:\WINDOWS\System32\GDI32.dll
0x00007ffb19590000 - 0x00007ffb196aa000 	C:\WINDOWS\System32\gdi32full.dll
0x00007ffb19790000 - 0x00007ffb1982d000 	C:\WINDOWS\System32\msvcp_win.dll
0x00007ffb11d40000 - 0x00007ffb11d5e000 	c:\Users\darri\.vscode\extensions\redhat.java-1.41.1-win32-x64\jre\21.0.6-win32-x86_64\bin\VCRUNTIME140.dll
0x00007ffb08960000 - 0x00007ffb08bfa000 	C:\WINDOWS\WinSxS\amd64_microsoft.windows.common-controls_6595b64144ccf1df_6.0.19041.4355_none_60b8b9eb71f62e16\COMCTL32.dll
0x00007ffb1b520000 - 0x00007ffb1b5be000 	C:\WINDOWS\System32\msvcrt.dll
0x00007ffb19ed0000 - 0x00007ffb19eff000 	C:\WINDOWS\System32\IMM32.DLL
0x00007ffb13100000 - 0x00007ffb1310c000 	c:\Users\darri\.vscode\extensions\redhat.java-1.41.1-win32-x64\jre\21.0.6-win32-x86_64\bin\vcruntime140_1.dll
0x00007ffafa950000 - 0x00007ffafa9dd000 	c:\Users\darri\.vscode\extensions\redhat.java-1.41.1-win32-x64\jre\21.0.6-win32-x86_64\bin\msvcp140.dll
0x00007ffaa1af0000 - 0x00007ffaa2880000 	c:\Users\darri\.vscode\extensions\redhat.java-1.41.1-win32-x64\jre\21.0.6-win32-x86_64\bin\server\jvm.dll
0x00007ffb19c10000 - 0x00007ffb19cbf000 	C:\WINDOWS\System32\ADVAPI32.dll
0x00007ffb19b70000 - 0x00007ffb19c0f000 	C:\WINDOWS\System32\sechost.dll
0x00007ffb1a870000 - 0x00007ffb1a993000 	C:\WINDOWS\System32\RPCRT4.dll
0x00007ffb19760000 - 0x00007ffb19787000 	C:\WINDOWS\System32\bcrypt.dll
0x00007ffb19f00000 - 0x00007ffb19f6b000 	C:\WINDOWS\System32\WS2_32.dll
0x00007ffb18b70000 - 0x00007ffb18bbb000 	C:\WINDOWS\SYSTEM32\POWRPROF.dll
0x00007ffb07c20000 - 0x00007ffb07c47000 	C:\WINDOWS\SYSTEM32\WINMM.dll
0x00007ffb12820000 - 0x00007ffb1282a000 	C:\WINDOWS\SYSTEM32\VERSION.dll
0x00007ffb18b50000 - 0x00007ffb18b62000 	C:\WINDOWS\SYSTEM32\UMPDC.dll
0x00007ffb16fe0000 - 0x00007ffb16ff2000 	C:\WINDOWS\SYSTEM32\kernel.appcore.dll
0x00007ffb12400000 - 0x00007ffb1240a000 	c:\Users\darri\.vscode\extensions\redhat.java-1.41.1-win32-x64\jre\21.0.6-win32-x86_64\bin\jimage.dll
0x00007ffb06f20000 - 0x00007ffb07104000 	C:\WINDOWS\SYSTEM32\DBGHELP.DLL
0x00007ffb06eb0000 - 0x00007ffb06ee4000 	C:\WINDOWS\SYSTEM32\dbgcore.DLL
0x00007ffb19200000 - 0x00007ffb19282000 	C:\WINDOWS\System32\bcryptPrimitives.dll
0x00007ffb11f00000 - 0x00007ffb11f0f000 	c:\Users\darri\.vscode\extensions\redhat.java-1.41.1-win32-x64\jre\21.0.6-win32-x86_64\bin\instrument.dll
0x00007ffb0a4b0000 - 0x00007ffb0a4cf000 	c:\Users\darri\.vscode\extensions\redhat.java-1.41.1-win32-x64\jre\21.0.6-win32-x86_64\bin\java.dll
0x00007ffb1aa30000 - 0x00007ffb1b19f000 	C:\WINDOWS\System32\SHELL32.dll
0x00007ffb171e0000 - 0x00007ffb17983000 	C:\WINDOWS\SYSTEM32\windows.storage.dll
0x00007ffb1a200000 - 0x00007ffb1a555000 	C:\WINDOWS\System32\combase.dll
0x00007ffb18a00000 - 0x00007ffb18a2b000 	C:\WINDOWS\SYSTEM32\Wldp.dll
0x00007ffb1a130000 - 0x00007ffb1a1fd000 	C:\WINDOWS\System32\OLEAUT32.dll
0x00007ffb19e20000 - 0x00007ffb19ecd000 	C:\WINDOWS\System32\SHCORE.dll
0x00007ffb1b5d0000 - 0x00007ffb1b625000 	C:\WINDOWS\System32\shlwapi.dll
0x00007ffb190b0000 - 0x00007ffb190d5000 	C:\WINDOWS\SYSTEM32\profapi.dll
0x00007ffb0a460000 - 0x00007ffb0a478000 	c:\Users\darri\.vscode\extensions\redhat.java-1.41.1-win32-x64\jre\21.0.6-win32-x86_64\bin\zip.dll
0x00007ffb11d00000 - 0x00007ffb11d10000 	C:\Users\darri\.vscode\extensions\redhat.java-1.41.1-win32-x64\jre\21.0.6-win32-x86_64\bin\net.dll
0x00007ffb11350000 - 0x00007ffb1145a000 	C:\WINDOWS\SYSTEM32\WINHTTP.dll
0x00007ffb187e0000 - 0x00007ffb1884c000 	C:\WINDOWS\system32\mswsock.dll
0x00007ffb036b0000 - 0x00007ffb036c6000 	C:\Users\darri\.vscode\extensions\redhat.java-1.41.1-win32-x64\jre\21.0.6-win32-x86_64\bin\nio.dll
0x00007ffb0e610000 - 0x00007ffb0e620000 	c:\Users\darri\.vscode\extensions\redhat.java-1.41.1-win32-x64\jre\21.0.6-win32-x86_64\bin\verify.dll
0x00007ffafb2a0000 - 0x00007ffafb2e5000 	C:\Users\darri\AppData\Roaming\Code\User\globalStorage\redhat.java\1.41.1\config_win\org.eclipse.equinox.launcher\org.eclipse.equinox.launcher.win32.win32.x86_64_1.2.1300.v20250331-1702\eclipse_11911.dll
0x00007ffb1b3f0000 - 0x00007ffb1b51b000 	C:\WINDOWS\System32\ole32.dll
0x00007ffb18a40000 - 0x00007ffb18a58000 	C:\WINDOWS\SYSTEM32\CRYPTSP.dll
0x00007ffb18120000 - 0x00007ffb18158000 	C:\WINDOWS\system32\rsaenh.dll
0x00007ffb19030000 - 0x00007ffb1905e000 	C:\WINDOWS\SYSTEM32\USERENV.dll
0x00007ffb18970000 - 0x00007ffb1897c000 	C:\WINDOWS\SYSTEM32\CRYPTBASE.dll
0x00007ffb184e0000 - 0x00007ffb1851b000 	C:\WINDOWS\SYSTEM32\IPHLPAPI.DLL
0x00007ffb19cc0000 - 0x00007ffb19cc8000 	C:\WINDOWS\System32\NSI.dll
0x00007ffafaa70000 - 0x00007ffafaab9000 	C:\Users\darri\AppData\Local\Temp\jna-95355020\jna3078426000716524692.dll
0x00007ffb1b5c0000 - 0x00007ffb1b5c8000 	C:\WINDOWS\System32\PSAPI.DLL
0x00007ffb12990000 - 0x00007ffb129a7000 	C:\WINDOWS\SYSTEM32\dhcpcsvc6.DLL
0x00007ffb12970000 - 0x00007ffb1298d000 	C:\WINDOWS\SYSTEM32\dhcpcsvc.DLL
0x00007ffb0a720000 - 0x00007ffb0a72e000 	C:\Users\darri\.vscode\extensions\redhat.java-1.41.1-win32-x64\jre\21.0.6-win32-x86_64\bin\sunmscapi.dll
0x00007ffb19960000 - 0x00007ffb19abd000 	C:\WINDOWS\System32\CRYPT32.dll
0x00007ffb18c20000 - 0x00007ffb18c47000 	C:\WINDOWS\SYSTEM32\ncrypt.dll
0x00007ffb18be0000 - 0x00007ffb18c1b000 	C:\WINDOWS\SYSTEM32\NTASN1.dll
0x00007ffb18520000 - 0x00007ffb185ea000 	C:\WINDOWS\SYSTEM32\DNSAPI.dll
0x00007ffb0a730000 - 0x00007ffb0a73a000 	C:\Windows\System32\rasadhlp.dll
0x00007ffb0a9c0000 - 0x00007ffb0aa40000 	C:\WINDOWS\System32\fwpuclnt.dll
0x00007ffb0a700000 - 0x00007ffb0a709000 	C:\Users\darri\.vscode\extensions\redhat.java-1.41.1-win32-x64\jre\21.0.6-win32-x86_64\bin\extnet.dll
0x00007ffb18370000 - 0x00007ffb183a3000 	C:\WINDOWS\SYSTEM32\ntmarta.dll

dbghelp: loaded successfully - version: 4.0.5 - missing functions: none
symbol engine: initialized successfully - sym options: 0x614 - pdb path: .;c:\Users\darri\.vscode\extensions\redhat.java-1.41.1-win32-x64\jre\21.0.6-win32-x86_64\bin;C:\WINDOWS\SYSTEM32;C:\WINDOWS\WinSxS\amd64_microsoft.windows.common-controls_6595b64144ccf1df_6.0.19041.4355_none_60b8b9eb71f62e16;c:\Users\darri\.vscode\extensions\redhat.java-1.41.1-win32-x64\jre\21.0.6-win32-x86_64\bin\server;C:\Users\darri\AppData\Roaming\Code\User\globalStorage\redhat.java\1.41.1\config_win\org.eclipse.equinox.launcher\org.eclipse.equinox.launcher.win32.win32.x86_64_1.2.1300.v20250331-1702;C:\Users\darri\AppData\Local\Temp\jna-95355020

VM Arguments:
jvm_args: --add-modules=ALL-SYSTEM --add-opens=java.base/java.util=ALL-UNNAMED --add-opens=java.base/java.lang=ALL-UNNAMED --add-opens=java.base/sun.nio.fs=ALL-UNNAMED -Declipse.application=org.eclipse.jdt.ls.core.id1 -Dosgi.bundles.defaultStartLevel=4 -Declipse.product=org.eclipse.jdt.ls.core.product -Djava.import.generatesMetadataFilesAtProjectRoot=false -DDetectVMInstallationsJob.disabled=true -Dfile.encoding=utf8 -XX:+UseParallelGC -XX:GCTimeRatio=4 -XX:AdaptiveSizePolicyWeight=90 -Dsun.zip.disableMemoryMapping=true -Xmx1G -Xms100m -Xlog:disable -javaagent:c:\Users\darri\.vscode\extensions\redhat.java-1.41.1-win32-x64\lombok\lombok-1.18.36.jar -XX:+HeapDumpOnOutOfMemoryError -XX:HeapDumpPath=c:\Users\darri\AppData\Roaming\Code\User\workspaceStorage\427d2dbc4ae0b3f7c0372c5275743a32\redhat.java -Daether.dependencyCollector.impl=bf 
java_command: c:\Users\darri\.vscode\extensions\redhat.java-1.41.1-win32-x64\server\plugins\org.eclipse.equinox.launcher_1.7.0.v20250331-1702.jar -configuration c:\Users\darri\AppData\Roaming\Code\User\globalStorage\redhat.java\1.41.1\config_win -data c:\Users\darri\AppData\Roaming\Code\User\workspaceStorage\427d2dbc4ae0b3f7c0372c5275743a32\redhat.java\jdt_ws --pipe=\\.\pipe\lsp-f0e51cc1bb9211cb96105e6b3fa81fc7-sock
java_class_path (initial): c:\Users\darri\.vscode\extensions\redhat.java-1.41.1-win32-x64\server\plugins\org.eclipse.equinox.launcher_1.7.0.v20250331-1702.jar
Launcher Type: SUN_STANDARD

[Global flags]
    uintx AdaptiveSizePolicyWeight                 = 90                                        {product} {command line}
     intx CICompilerCount                          = 3                                         {product} {ergonomic}
    uintx GCTimeRatio                              = 4                                         {product} {command line}
     bool HeapDumpOnOutOfMemoryError               = true                                   {manageable} {command line}
    ccstr HeapDumpPath                             = c:\Users\darri\AppData\Roaming\Code\User\workspaceStorage\427d2dbc4ae0b3f7c0372c5275743a32\redhat.java         {manageable} {command line}
   size_t InitialHeapSize                          = 104857600                                 {product} {command line}
   size_t MaxHeapSize                              = 1073741824                                {product} {command line}
   size_t MaxNewSize                               = 357564416                                 {product} {ergonomic}
   size_t MinHeapDeltaBytes                        = 524288                                    {product} {ergonomic}
   size_t MinHeapSize                              = 104857600                                 {product} {command line}
   size_t NewSize                                  = 34603008                                  {product} {ergonomic}
    uintx NonNMethodCodeHeapSize                   = 5832780                                {pd product} {ergonomic}
    uintx NonProfiledCodeHeapSize                  = 122912730                              {pd product} {ergonomic}
   size_t OldSize                                  = 70254592                                  {product} {ergonomic}
    uintx ProfiledCodeHeapSize                     = 122912730                              {pd product} {ergonomic}
    uintx ReservedCodeCacheSize                    = 251658240                              {pd product} {ergonomic}
     bool SegmentedCodeCache                       = true                                      {product} {ergonomic}
   size_t SoftMaxHeapSize                          = 1073741824                             {manageable} {ergonomic}
     bool UseCompressedOops                        = true                           {product lp64_product} {ergonomic}
     bool UseLargePagesIndividualAllocation        = false                                  {pd product} {ergonomic}
     bool UseParallelGC                            = true                                      {product} {command line}

Logging:
Log output configuration:
 #0: stdout all=off uptime,level,tags foldmultilines=false
 #1: stderr all=off uptime,level,tags foldmultilines=false

Environment Variables:
JAVA_HOME=C:\Program Files\Eclipse Adoptium\jdk-17.0.12.7-hotspot
PATH=C:\Program Files\Eclipse Adoptium\jdk-17.0.12.7-hotspot\bin;C:\Python311\Scripts\;C:\Python311\;C:\WINDOWS\system32;C:\WINDOWS;C:\WINDOWS\System32\Wbem;C:\WINDOWS\System32\WindowsPowerShell\v1.0\;C:\WINDOWS\System32\OpenSSH\;C:\ProgramData\chocolatey\bin;C:\Program Files\Microsoft VS Code\bin;C:\Program Files (x86)\Microsoft SQL Server\160\DTS\Binn\;C:\Program Files\Git\cmd;C:\Program Files\nodejs\;C:\Program Files\Microsoft SQL Server\150\Tools\Binn\;C:\Program Files\Microsoft SQL Server\Client SDK\ODBC\170\Tools\Binn\;C:\Program Files\apache-maven-3.9.9\bin;C:\Program Files(x86)\apache-maven-3.9.9\bin;C:\Program Files\Eclipse Adoptium\jdk-17.0.7.7-hotspot\bin;C:\Program Files\Eclipse Adoptium\jdk-17.0.7.7-hotspot\jre\bin;C:\Program Files\dotnet\;C:\Program Files\MySQL\MySQL Shell 8.0\bin\;C:\Users\darri\AppData\Local\Microsoft\WindowsApps;C:\Users\darri\AppData\Local\Programs\Microsoft VS Code\bin;C:\Program Files\JetBrains\IntelliJ IDEA Community Edition 2023.1.1\bin;C:\Users\darri\AppData\Local\GitHubDesk;C:\Program Files\Docker\Docker\resources\bin;C:\Users\darri\AppData\Local\pnpm;C:\Users\darri\AppData\Local\Microsoft\WindowsApps;C:\Users\darri\AppData\Local\Programs\Microsoft VS Code\bin;C:\Program Files\JetBrains\IntelliJ IDEA Community Edition 2023.1.1\bin;;C:\Users\darri\AppData\Local\GitHubDesktop\bin;C:\Exercism;C:\Users\darri\AppData\Roaming\npm;C:\tools\mysql\current\bin;C:\Users\darri\.dotnet\tools
USERNAME=darri
OS=Windows_NT
PROCESSOR_IDENTIFIER=Intel64 Family 6 Model 94 Stepping 3, GenuineIntel
TMP=C:\Users\darri\AppData\Local\Temp
TEMP=C:\Users\darri\AppData\Local\Temp




Periodic native trim disabled

---------------  S Y S T E M  ---------------

OS:
 Windows 10 , 64 bit Build 19041 (10.0.19041.5678)
OS uptime: 9 days 4:33 hours
Hyper-V role detected

CPU: total 4 (initial active 4) (4 cores per cpu, 1 threads per core) family 6 model 94 stepping 3 microcode 0xf0, cx8, cmov, fxsr, mmx, 3dnowpref, sse, sse2, sse3, ssse3, sse4.1, sse4.2, popcnt, lzcnt, tsc, tscinvbit, avx, avx2, aes, erms, clmul, bmi1, bmi2, rtm, adx, fma, vzeroupper, clflush, clflushopt, hv, rdtscp, f16c
Processor Information for the first 4 processors :
  Max Mhz: 2712, Current Mhz: 2712, Mhz Limit: 2712

Memory: 4k page, system-wide physical 16078M (598M free)
TotalPageFile size 46514M (AvailPageFile size 17M)
current process WorkingSet (physical memory assigned to process): 800M, peak: 932M
current process commit charge ("private bytes"): 756M, peak: 939M

vm_info: OpenJDK 64-Bit Server VM (21.0.6+7-LTS) for windows-amd64 JRE (21.0.6+7-LTS), built on 2025-01-21T00:00:00Z by "admin" with MS VC++ 17.7 (VS2022)

END.
